Start testing: Mar 02 21:37 +06
----------------------------------------------------------
1/16 Testing: parser_test
1/16 Test: parser_test
Command: "/home/DATA/CODE/code/Xell/build/parser_test"
Directory: /home/DATA/CODE/code/Xell/build
"parser_test" start time: Mar 02 21:37 +06
Output:
----------------------------------------------------------

===== Xell Lexer Tests =====
  [32mPASS[0m: lexer: simple tokens
  [32mPASS[0m: lexer: all keywords
  [32mPASS[0m: lexer: all operators
  [32mPASS[0m: lexer: string with interpolation
  [32mPASS[0m: lexer: numbers
  [32mPASS[0m: lexer: newlines collapsed
  [32mPASS[0m: lexer: single-line comment
  [32mPASS[0m: lexer: multi-line comment
  [32mPASS[0m: lexer: arrow vs comment
  [32mPASS[0m: lexer: newlines in brackets
  [32mPASS[0m: lexer: ! standalone
  [32mPASS[0m: lexer: ++ token
  [32mPASS[0m: lexer: -- token
  [32mPASS[0m: lexer: -- vs --> comment
  [32mPASS[0m: lexer: escape sequences

===== Parser: Literals =====
  [32mPASS[0m: parse: number literal
  [32mPASS[0m: parse: float literal
  [32mPASS[0m: parse: string literal
  [32mPASS[0m: parse: bool true
  [32mPASS[0m: parse: bool false
  [32mPASS[0m: parse: none literal
  [32mPASS[0m: parse: identifier

===== Parser: Assignment =====
  [32mPASS[0m: parse: simple assignment
  [32mPASS[0m: parse: string assignment
  [32mPASS[0m: parse: bool assignment
  [32mPASS[0m: parse: expression assignment

===== Parser: Arithmetic =====
  [32mPASS[0m: parse: addition
  [32mPASS[0m: parse: operator precedence
  [32mPASS[0m: parse: grouped expression
  [32mPASS[0m: parse: subtraction and division
  [32mPASS[0m: parse: unary 'not' keyword
  [32mPASS[0m: parse: unary '!' operator
  [32mPASS[0m: parse: unary minus

===== Parser: Increment / Decrement =====
  [32mPASS[0m: parse: prefix ++
  [32mPASS[0m: parse: prefix --
  [32mPASS[0m: parse: postfix ++
  [32mPASS[0m: parse: postfix --
  [32mPASS[0m: parse: ++ inside while loop

===== Parser: Comparison & Logical =====
  [32mPASS[0m: parse: ==
  [32mPASS[0m: parse: 'is' keyword
  [32mPASS[0m: parse: 'eq' keyword
  [32mPASS[0m: parse: 'ne' keyword
  [32mPASS[0m: parse: 'gt' keyword
  [32mPASS[0m: parse: 'lt' keyword
  [32mPASS[0m: parse: 'ge' keyword
  [32mPASS[0m: parse: 'le' keyword
  [32mPASS[0m: parse: 'and'
  [32mPASS[0m: parse: 'or'
  [32mPASS[0m: parse: complex logical precedence
  [32mPASS[0m: parse: ! in if condition

===== Parser: Lists & Maps =====
  [32mPASS[0m: parse: list literal
  [32mPASS[0m: parse: empty list
  [32mPASS[0m: parse: nested list
  [32mPASS[0m: parse: map literal
  [32mPASS[0m: parse: empty map
  [32mPASS[0m: parse: multiline map
  [32mPASS[0m: parse: mixed list types

===== Parser: Function Calls =====
  [32mPASS[0m: parse: call no args
  [32mPASS[0m: parse: call with args
  [32mPASS[0m: parse: call with expression args
  [32mPASS[0m: parse: paren-less call single arg
  [32mPASS[0m: parse: paren-less call multi args
  [32mPASS[0m: parse: paren-less call identifier
  [32mPASS[0m: parse: nested call
  [32mPASS[0m: parse: call result assignment

===== Parser: Access =====
  [32mPASS[0m: parse: index access
  [32mPASS[0m: parse: member access ->
  [32mPASS[0m: parse: chained ->[]
  [32mPASS[0m: parse: string index access

===== Parser: Control Flow =====
  [32mPASS[0m: parse: simple if
  [32mPASS[0m: parse: if/else
  [32mPASS[0m: parse: if/elif/else
  [32mPASS[0m: parse: if with logical

===== Parser: Loops =====
  [32mPASS[0m: parse: for loop
  [32mPASS[0m: parse: for with call iterable
  [32mPASS[0m: parse: while loop

===== Parser: Functions =====
  [32mPASS[0m: parse: fn def no params
  [32mPASS[0m: parse: fn def with params
  [32mPASS[0m: parse: fn def with give
  [32mPASS[0m: parse: fn def give no value

===== Parser: Bring =====
  [32mPASS[0m: parse: bring all
  [32mPASS[0m: parse: bring named
  [32mPASS[0m: parse: bring with aliases

===== Parser: Complex =====
  [32mPASS[0m: parse: multiple statements
  [32mPASS[0m: parse: dot-terminated statements
  [32mPASS[0m: parse: nested if/for
  [32mPASS[0m: parse: comments ignored
  [32mPASS[0m: parse: string interpolation
  [32mPASS[0m: parse: full program

============================================
  Total: 89  |  [32mPassed: 89[0m  |  [31mFailed: 0[0m
============================================

<end of output>
Test time =   0.00 sec
----------------------------------------------------------
Test Passed.
"parser_test" end time: Mar 02 21:37 +06
"parser_test" time elapsed: 00:00:00
----------------------------------------------------------

2/16 Testing: error_test
2/16 Test: error_test
Command: "/home/DATA/CODE/code/Xell/build/error_test"
Directory: /home/DATA/CODE/code/Xell/build
"error_test" start time: Mar 02 21:37 +06
Output:
----------------------------------------------------------

===== Error Construction & Metadata =====
  PASS: XellError: construction
  PASS: LexerError: construction
  PASS: ParseError: construction
  PASS: TypeError: construction
  PASS: UndefinedVariableError: construction
  PASS: UndefinedFunctionError: construction
  PASS: IndexError: construction
  PASS: KeyError: construction
  PASS: DivisionByZeroError: construction
  PASS: OverflowError: construction
  PASS: ArityError: construction
  PASS: BringError: construction
  PASS: FileNotFoundError: construction
  PASS: IOError: construction
  PASS: ProcessError: construction
  PASS: ConversionError: construction
  PASS: EnvError: construction
  PASS: RecursionError: construction
  PASS: AssertionError: construction
  PASS: NotImplementedError: construction

===== Catch Hierarchy =====
  PASS: LexerError caught as LexerError
  PASS: LexerError caught as XellError
  PASS: LexerError caught as std::runtime_error
  PASS: ParseError caught as ParseError
  PASS: ParseError caught as XellError
  PASS: TypeError caught as XellError
  PASS: UndefinedVariableError caught as XellError
  PASS: UndefinedFunctionError caught as XellError
  PASS: IndexError caught as XellError
  PASS: KeyError caught as XellError
  PASS: DivisionByZeroError caught as XellError
  PASS: ArityError caught as XellError
  PASS: BringError caught as XellError
  PASS: FileNotFoundError caught as XellError
  PASS: IOError caught as XellError
  PASS: ProcessError caught as XellError
  PASS: ConversionError caught as XellError
  PASS: EnvError caught as XellError
  PASS: RecursionError caught as XellError
  PASS: AssertionError caught as XellError
  PASS: NotImplementedError caught as XellError
  PASS: OverflowError caught as XellError

===== Lexer Error Integration =====
  PASS: lexer: unterminated string → LexerError
  PASS: lexer: unterminated string on line 3 → correct line
  PASS: lexer: unexpected character → LexerError
  PASS: lexer: unexpected character $ → LexerError
  PASS: lexer: unexpected character ~ → LexerError
  PASS: lexer: LexerError is also catchable as XellError

===== Parser Error Integration =====
  PASS: parser: missing ':' after if → ParseError
  PASS: parser: missing ';' to close if → ParseError
  PASS: parser: missing ')' after args → ParseError
  PASS: parser: missing ']' after list → ParseError
  PASS: parser: missing '}' after map → ParseError
  PASS: parser: missing '(' after fn name → ParseError
  PASS: parser: missing 'from' in bring → ParseError
  PASS: parser: unexpected token → ParseError
  PASS: parser: missing ':' after while → ParseError
  PASS: parser: missing 'in' in for → ParseError
  PASS: parser: ParseError is also catchable as XellError
  PASS: parser: ParseError carries correct line number

===== Error Specificity =====
  PASS: specific catch before generic: LexerError vs XellError
  PASS: specific catch before generic: ParseError vs XellError
  PASS: specific catch before generic: TypeError vs XellError
  PASS: specific catch before generic: IndexError vs XellError
  PASS: generic XellError catches all derived errors

===== Message Format =====
  PASS: all errors follow [XELL ERROR] Line N format
  PASS: what() contains category and detail

============================================
  Total: 67  |  Passed: 67  |  Failed: 0
============================================
<end of output>
Test time =   0.00 sec
----------------------------------------------------------
Test Passed.
"error_test" end time: Mar 02 21:37 +06
"error_test" time elapsed: 00:00:00
----------------------------------------------------------

3/16 Testing: xobject_test
3/16 Test: xobject_test
Command: "/home/DATA/CODE/code/Xell/build/xobject_test"
Directory: /home/DATA/CODE/code/Xell/build
"xobject_test" start time: Mar 02 21:37 +06
Output:
----------------------------------------------------------

===== XObject Construction =====
  PASS: none: default constructor
  PASS: none: makeNone
  PASS: number: integer
  PASS: number: float
  PASS: number: zero
  PASS: number: negative
  PASS: bool: true
  PASS: bool: false
  PASS: string: lvalue
  PASS: string: rvalue
  PASS: string: empty
  PASS: list: empty
  PASS: list: with elements
  PASS: map: empty
  PASS: map: with entries
  PASS: function
  PASS: xtype_name strings

===== Reference Counting =====
  PASS: initial ref count is 1
  PASS: copy increments ref count
  PASS: copy assignment increments ref count
  PASS: move leaves source null (no leak)
  PASS: move assignment
  PASS: ref count drops to zero → freed
  PASS: many copies then destroy
  PASS: self-assignment is safe
  PASS: re-assign releases old value

===== Truthiness =====
  PASS: none is falsy
  PASS: false is falsy
  PASS: true is truthy
  PASS: 0 is falsy
  PASS: non-zero number is truthy
  PASS: negative number is truthy
  PASS: empty string is falsy
  PASS: non-empty string is truthy
  PASS: empty list is falsy
  PASS: non-empty list is truthy
  PASS: empty map is falsy
  PASS: non-empty map is truthy
  PASS: function is always truthy

===== toString =====
  PASS: none → "none"
  PASS: integer number → no decimal
  PASS: zero → "0"
  PASS: negative integer → "-5"
  PASS: float number → has decimal
  PASS: bool true → "true"
  PASS: bool false → "false"
  PASS: string → itself
  PASS: empty list → "[]"
  PASS: list of numbers → "[1, 2, 3]"
  PASS: list with strings → quoted strings
  PASS: empty map → "{}"
  PASS: map → key: value format
  PASS: function → "<fn name>"

===== Equality =====
  PASS: none == none
  PASS: number == same number
  PASS: number != different number
  PASS: bool == same bool
  PASS: bool != different bool
  PASS: string == same string
  PASS: string != different string
  PASS: different types are never equal
  PASS: same XData pointer → equal
  PASS: list == same elements
  PASS: list != different elements
  PASS: list != different size
  PASS: map == same entries
  PASS: map != different values
  PASS: map != different keys
  PASS: function equality is identity

===== Deep Clone =====
  PASS: clone none
  PASS: clone number is independent
  PASS: clone string is independent
  PASS: clone list is deep
  PASS: clone map is deep
  PASS: clone preserves equality

===== XMap =====
  PASS: map: set and get
  PASS: map: overwrite existing key
  PASS: map: preserves insertion order
  PASS: map: const get

===== Mutable Access =====
  PASS: asStringMut: modify in place
  PASS: asListMut: push_back
  PASS: asMapMut: add entries

===== Edge Cases =====
  PASS: nested list of lists
  PASS: map containing list
  PASS: list containing map
  PASS: shared list: copy shares data, clone is independent
  PASS: large number of allocations and frees
  PASS: rapid create-destroy cycle (no leak)
  PASS: moved-from XObject is safe to destroy
  PASS: moved-from XObject is none-like

===== Leak Detection =====
  PASS: liveAllocations starts at 0 after reset
  PASS: liveAllocations tracks correctly

============================================
  Total: 92  |  Passed: 92  |  Failed: 0
============================================
<end of output>
Test time =   0.00 sec
----------------------------------------------------------
Test Passed.
"xobject_test" end time: Mar 02 21:37 +06
"xobject_test" time elapsed: 00:00:00
----------------------------------------------------------

4/16 Testing: interpreter_test
4/16 Test: interpreter_test
Command: "/home/DATA/CODE/code/Xell/build/interpreter_test"
Directory: /home/DATA/CODE/code/Xell/build
"interpreter_test" start time: Mar 02 21:37 +06
Output:
----------------------------------------------------------

===== Basic Expressions & Print =====
  PASS: print number
  PASS: print string
  PASS: print bool true
  PASS: print bool false
  PASS: print none
  PASS: print multiple args
  PASS: arithmetic: add
  PASS: arithmetic: subtract
  PASS: arithmetic: multiply
  PASS: arithmetic: divide
  PASS: arithmetic: complex expression
  PASS: arithmetic: parenthesized
  PASS: unary minus
  PASS: string concatenation with +
  PASS: string + number auto-converts
  PASS: list concatenation
  PASS: comparison: ==
  PASS: comparison: !=
  PASS: comparison: > < >= <=
  PASS: logical: and
  PASS: logical: or
  PASS: logical: not
  PASS: short-circuit and: returns last truthy or first falsy
  PASS: short-circuit or: returns first truthy
  PASS: paren-less print call

===== Variables & Assignment =====
  PASS: simple assignment and read
  PASS: re-assignment
  PASS: multiple variables
  PASS: variable in expression
  PASS: assign expression result
  PASS: prefix increment
  PASS: postfix increment
  PASS: prefix decrement
  PASS: postfix decrement

===== Conditionals =====
  PASS: if true
  PASS: if false — no output
  PASS: if-else: takes else branch
  PASS: if-elif-else
  PASS: if with comparison expression
  PASS: nested if
  PASS: if: truthiness of number
  PASS: if: truthiness of string
  PASS: multiple elif branches

===== For Loops =====
  PASS: for over list literal
  PASS: for over range
  PASS: for over range(start, end)
  PASS: for with accumulator
  PASS: for over variable list
  PASS: nested for loops
  PASS: for over empty list

===== While Loops =====
  PASS: while countdown
  PASS: while false — never executes
  PASS: while with accumulator

===== Functions =====
  PASS: simple function definition and call
  PASS: function with parameter
  PASS: function with give (return)
  PASS: function returns none by default
  PASS: function with multiple params
  PASS: function calling another function
  PASS: early give (return)
  PASS: give with no value → none

===== Scoping =====
  PASS: global variable accessible in function
  PASS: function can modify global variable
  PASS: function local does not leak
  PASS: if-block scope does not leak
  PASS: for-block scope does not leak
  PASS: while-block scope does not leak
  PASS: nested function scope
  PASS: parameter shadows global

===== Recursion =====
  PASS: factorial
  PASS: fibonacci
  PASS: recursion depth limit

===== Lists =====
  PASS: list literal
  PASS: empty list
  PASS: list index access
  PASS: list negative index
  PASS: len of list
  PASS: push and pop
  PASS: set list element
  PASS: list index out of bounds

===== Maps =====
  PASS: map literal
  PASS: map index access with string key
  PASS: map arrow access
  PASS: keys and values
  PASS: has() builtin
  PASS: set map entry
  PASS: map key not found

===== String Operations =====
  PASS: string length
  PASS: string index
  PASS: string negative index
  PASS: string concatenation

===== Built-in Functions =====
  PASS: type()
  PASS: str() conversion
  PASS: num() conversion
  PASS: assert passes
  PASS: assert fails
  PASS: assert with message
  PASS: range with step
  PASS: range reverse

===== Error Handling =====
  PASS: undefined variable
  PASS: type error: subtract strings
  PASS: division by zero
  PASS: arity error: too few args
  PASS: arity error: too many args
  PASS: type error: call non-function
  PASS: index error: string out of range
  PASS: type error: for non-list
  PASS: conversion error: bad num()

===== Complex Programs =====
  PASS: FizzBuzz
  PASS: build a list with function
  PASS: counter with while
  PASS: function as value: pass to variable, call later
  PASS: map as config object
  PASS: recursive sum of list
  PASS: higher-order: map function over list
  PASS: power function

===== String Interpolation =====
  PASS: simple variable interpolation
  PASS: expression interpolation
  PASS: multiple interpolations
  PASS: no interpolation when no braces

===== Break & Continue =====
  PASS: break in for loop
  PASS: break in while loop
  PASS: continue in for loop
  PASS: continue in while loop
  PASS: break only exits innermost loop
  PASS: continue only affects innermost loop
  PASS: break with accumulator
  PASS: continue skips even numbers
  PASS: break and continue together
  PASS: while break with found flag

===== Try / Catch / Finally =====
  PASS: try-catch catches error
  PASS: try-catch error message
  PASS: try-catch-finally
  PASS: try no error
  PASS: try-finally no error

===== Ternary Operator =====
  PASS: ternary true
  PASS: ternary false
  PASS: ternary with expression
  PASS: ternary with numbers

===== Default Parameters =====
  PASS: default param used
  PASS: default param overridden
  PASS: mixed default and required

===== Variadic Functions =====
  PASS: variadic basic
  PASS: variadic with required params
  PASS: variadic empty

===== Lambda / Arrow Functions =====
  PASS: single param lambda
  PASS: multi param lambda
  PASS: lambda closure
  PASS: lambda as parameter
  PASS: zero param lambda

===== Augmented Assignment =====
  PASS: plus equal
  PASS: minus equal
  PASS: star equal
  PASS: slash equal
  PASS: percent equal
  PASS: string plus equal

===== Destructuring =====
  PASS: basic destructuring
  PASS: destructuring three values
  PASS: destructuring fewer values

===== Spread Operator =====
  PASS: spread in list literal
  PASS: spread in function call

===== InCase (Switch) =====
  PASS: incase basic match
  PASS: incase with else
  PASS: incase with or
  PASS: incase string match

===== Multi-line & Raw Strings =====
  PASS: multi-line string
  PASS: raw string no escape

===== format() Builtin =====
  PASS: format basic
  PASS: format multiple args
  PASS: format indexed
  PASS: format float precision

===== typeof Builtin =====
  PASS: typeof number
  PASS: typeof string
  PASS: typeof list

===== input() / exit() =====
  PASS: exit is callable (verified by no crash)

===== Chained Comparison =====
  PASS: simple comparison
  PASS: chained less than

===== Int / Float Distinction =====
  PASS: int literal type
  PASS: float literal type
  PASS: int + int = int
  PASS: int + float = float
  PASS: int * int = int
  PASS: int / int exact = int
  PASS: int / int inexact = float
  PASS: int % int = int
  PASS: int - int = int
  PASS: unary minus int = int
  PASS: prefix ++ on int stays int
  PASS: postfix ++ on int stays int
  PASS: int() conversion
  PASS: float() conversion
  PASS: cross-type equality int == float
  PASS: range returns ints
  PASS: len returns int
  PASS: floor/ceil/round return int

===== Complex Numbers =====
  PASS: imaginary literal type
  PASS: complex from addition
  PASS: complex from subtraction
  PASS: pure imaginary
  PASS: complex + complex
  PASS: complex - complex
  PASS: complex * complex
  PASS: complex / complex
  PASS: complex + int
  PASS: int + complex
  PASS: unary minus complex
  PASS: complex equality
  PASS: complex inequality
  PASS: complex() builtin
  PASS: real() and imag()
  PASS: conjugate()
  PASS: magnitude()
  PASS: complex is hashable
  PASS: complex truthy
  PASS: sqrt of negative = complex

===== Frozen Sets =====
  PASS: frozen set literal
  PASS: empty frozen set
  PASS: frozen set len
  PASS: frozen set has
  PASS: frozen set contains
  PASS: frozen set is immutable (add)
  PASS: frozen set is immutable (remove)
  PASS: frozen set equality
  PASS: frozen set is hashable
  PASS: frozen set in map key (hashable)
  PASS: frozen set to_list
  PASS: frozen set to_tuple
  PASS: frozen set to_set
  PASS: frozen set with mixed types
  PASS: frozen set deduplication
  PASS: union_set with frozen_set
  PASS: intersect with frozen_set
  PASS: diff with frozen_set

===== Hash Enhancements =====
  PASS: hash int
  PASS: hash float
  PASS: hash string
  PASS: hash complex
  PASS: hash frozen_set
  PASS: hash tuple
  PASS: hash with algorithm
  PASS: hash_seed
  PASS: hash_seed complex
  PASS: hash_seed frozen_set

============================================
  Total: 243  |  Passed: 243  |  Failed: 0
============================================
<end of output>
Test time =   0.14 sec
----------------------------------------------------------
Test Passed.
"interpreter_test" end time: Mar 02 21:37 +06
"interpreter_test" time elapsed: 00:00:00
----------------------------------------------------------

5/16 Testing: os_test
5/16 Test: os_test
Command: "/home/DATA/CODE/code/Xell/build/os_test"
Directory: /home/DATA/CODE/code/Xell/build
"os_test" start time: Mar 02 21:37 +06
Output:
----------------------------------------------------------
============================================
  Xell OS Abstraction Layer Tests
============================================

--- Section 1: Filesystem — Directories ---
  PASS: make_dir creates single dir
  PASS: make_dir creates nested dirs
  PASS: make_dir is no-op if already exists
  PASS: remove_path removes empty dir
  PASS: remove_path removes dir recursively
  PASS: remove_path throws on non-existent
  PASS: list_dir lists children names
  PASS: list_dir_full lists full paths
  PASS: list_dir throws on non-existent
  PASS: list_dir throws on file

--- Section 2: Filesystem — Files ---
  PASS: write_file + read_file roundtrip
  PASS: write_file creates parent dirs
  PASS: write_file overwrites existing
  PASS: append_file appends to existing
  PASS: append_file creates new file
  PASS: read_file throws on non-existent
  PASS: read_file throws on directory
  PASS: file_size returns correct size
  PASS: file_size throws on non-existent
  PASS: is_file returns true for file
  PASS: is_dir returns true for directory
  PASS: path_exists returns false for non-existent

--- Section 3: Filesystem — Copy/Move/Paths ---
  PASS: copy_path copies a file
  PASS: copy_path copies a directory recursively
  PASS: copy_path throws on non-existent source
  PASS: move_path moves a file
  PASS: move_path throws on non-existent source
  PASS: absolute_path returns absolute
  PASS: file_name extracts filename
  PASS: parent_path extracts parent
  PASS: extension extracts extension
  PASS: cwd returns non-empty
  PASS: change_dir + cwd round-trip
  PASS: change_dir throws on non-existent
  PASS: change_dir throws on file

--- Section 4: Environment Variables ---
  PASS: env_get returns empty for unset var
  PASS: env_has returns false for unset var
  PASS: env_set + env_get round-trip
  PASS: env_has returns true after set
  PASS: env_set overwrites existing
  PASS: env_unset removes variable
  PASS: env_get reads system PATH

--- Section 5: Process Execution ---
  PASS: run returns 0 for successful command
  PASS: run returns non-zero for failing command
  PASS: run executes complex command
  PASS: run_capture captures stdout
  PASS: run_capture captures multi-line stdout
  PASS: run_capture captures stderr
  PASS: run_capture returns exit code from failed command
  PASS: run_capture with command that produces no output
  PASS: run_capture works with pipes
  PASS: run with file creation side effect
  PASS: run_capture with env var
  PASS: get_pid returns positive number

--- Section 6: Edge Cases ---
  PASS: write + read empty file
  PASS: write + read file with special chars
  PASS: write + read binary-ish content
  PASS: list_dir on empty directory
  PASS: file_name of root-like path
  PASS: extension of dotfile
  PASS: make_dir with trailing slash

============================================
  Total: 61  |  Passed: 61  |  Failed: 0
============================================
<end of output>
Test time =   0.02 sec
----------------------------------------------------------
Test Passed.
"os_test" end time: Mar 02 21:37 +06
"os_test" time elapsed: 00:00:00
----------------------------------------------------------

6/16 Testing: bring_test
6/16 Test: bring_test
Command: "/home/DATA/CODE/code/Xell/build/bring_test"
Directory: /home/DATA/CODE/code/Xell/build
"bring_test" start time: Mar 02 21:37 +06
Output:
----------------------------------------------------------
============================================
  Bring (Import) System Tests
============================================

===== Bring: Named Imports =====
  PASS: bring single function
  PASS: bring single variable
  PASS: bring multiple names
  PASS: bring mixed functions and variables
  PASS: bring from math_utils

===== Bring: Aliases =====
  PASS: bring with single alias
  PASS: bring with multiple aliases
  PASS: bring variable with alias
  PASS: partial aliases (fewer aliases than names)

===== Bring: Wildcard (*) =====
  PASS: bring * imports all names
  PASS: bring * from math_utils

===== Bring: Nested Paths =====
  PASS: bring from subdirectory
  PASS: bring * from subdirectory

===== Bring: Usage Patterns =====
  PASS: use brought function in expression
  PASS: brought function as argument to another
  PASS: bring into function scope
  PASS: multiple bring statements
  PASS: bring does not leak unimported names

===== Bring: Error Cases =====
  PASS: bring from nonexistent file
  PASS: bring nonexistent name
  PASS: circular import detection

============================================
  Total: 21  |  Passed: 21  |  Failed: 0
============================================
<end of output>
Test time =   0.03 sec
----------------------------------------------------------
Test Passed.
"bring_test" end time: Mar 02 21:37 +06
"bring_test" time elapsed: 00:00:00
----------------------------------------------------------

7/16 Testing: shell_test
7/16 Test: shell_test
Command: "/home/DATA/CODE/code/Xell/build/shell_test"
Directory: /home/DATA/CODE/code/Xell/build
"shell_test" start time: Mar 02 21:37 +06
Output:
----------------------------------------------------------
done
recovered
yes
recovered
done
final
hello
done
============================================
  Shell Chaining Tests
============================================
  PASS: pipe: basic string concat
  PASS: pipe: multi-stage chain
  PASS: pipe: with variables
  PASS: pipe: type error on non-strings
  PASS: pipe: build and run_capture
  PASS: &&: success runs right
  PASS: &&: failure skips right
  PASS: &&: with numbers (0=success)
  PASS: &&: with non-zero (fail)
  PASS: &&: short-circuit on failure
  PASS: ||: success skips right
  PASS: ||: failure runs right
  PASS: ||: with numbers (0=success)
  PASS: ||: with non-zero (fail)
  PASS: ||: short-circuit on success
  PASS: &&/||: and-then-or chain
  PASS: &&/||: or-then-and chain
  PASS: grouping: (a && b) || c
  PASS: grouping: (a || b) && c
  PASS: grouping: nested ((a && b) || c) && d
  PASS: exit_code: after success
  PASS: exit_code: after failure
  PASS: set_e: stops on failure
  PASS: set_e: allows success
  PASS: unset_e: resumes normal
  PASS: set_e: with run_capture
  PASS: exit_code: updates on each run
  PASS: pipe+run: build and execute pipeline
  PASS: pipe+&&: pipeline then chain
  PASS: shell && vs logical and
  PASS: shell || vs logical or
  PASS: &&: with run_capture map
  PASS: ||: with run_capture map
  PASS: precedence: | higher than &&
  PASS: precedence: && higher than ||
  PASS: precedence: logical and/or still work
  PASS: lexer: | token
  PASS: lexer: && token
  PASS: lexer: || token
  PASS: lexer: single & is error

============================================
  Total: 40  |  Passed: 40  |  Failed: 0
============================================
<end of output>
Test time =   0.06 sec
----------------------------------------------------------
Test Passed.
"shell_test" end time: Mar 02 21:37 +06
"shell_test" time elapsed: 00:00:00
----------------------------------------------------------

8/16 Testing: builtin_test
8/16 Test: builtin_test
Command: "/home/DATA/CODE/code/Xell/build/builtin_test"
Directory: /home/DATA/CODE/code/Xell/build
"builtin_test" start time: Mar 02 21:37 +06
Output:
----------------------------------------------------------
=======================================
   Xell Builtin Tests
=======================================

===== String Builtins =====
  PASS: split basic
  PASS: split with space
  PASS: join basic
  PASS: join empty separator
  PASS: trim whitespace
  PASS: trim_start
  PASS: trim_end
  PASS: upper
  PASS: lower
  PASS: replace all
  PASS: replace_first
  PASS: starts_with true
  PASS: starts_with false
  PASS: ends_with true
  PASS: ends_with false
  PASS: index_of string found
  PASS: index_of string not found
  PASS: index_of list found
  PASS: index_of list not found
  PASS: substr
  PASS: char_at
  PASS: repeat
  PASS: pad_start
  PASS: pad_end
  PASS: reverse string
  PASS: reverse list
  PASS: count string
  PASS: count list
  PASS: is_empty empty string
  PASS: is_empty non-empty string
  PASS: is_empty empty list
  PASS: is_empty non-empty list
  PASS: is_numeric true
  PASS: is_numeric false
  PASS: is_alpha true
  PASS: is_alpha false
  PASS: lines
  PASS: to_chars

===== List Builtins =====
  PASS: shift removes first
  PASS: unshift adds to front
  PASS: insert at index
  PASS: remove_val
  PASS: sort ascending
  PASS: sort_desc descending
  PASS: slice
  PASS: flatten nested
  PASS: unique
  PASS: first
  PASS: last
  PASS: zip two lists
  PASS: sum
  PASS: min of list
  PASS: max of list
  PASS: min of two
  PASS: max of two
  PASS: avg
  PASS: size of list
  PASS: size of string

===== Map Builtins =====
  PASS: delete_key
  PASS: get existing key
  PASS: get missing key returns default
  PASS: merge two maps
  PASS: entries
  PASS: from_entries

===== Math Builtins (Basic) =====
  PASS: log(1) == 0
  PASS: log10(100) == 2
  PASS: clamp within range
  PASS: clamp below low
  PASS: clamp above high
  PASS: is_nan false
  PASS: is_inf false
  PASS: to_int from float
  PASS: to_int from string
  PASS: to_float from int
  PASS: hex
  PASS: bin
  PASS: random returns number
  PASS: random_int in range
  PASS: PI is defined
  PASS: E is defined

===== Math Builtins (Trigonometric) =====
  PASS: sin(0) == 0
  PASS: cos(0) == 1
  PASS: tan(0) == 0
  PASS: sin(PI/2) approx 1
  PASS: cos(PI) approx -1
  PASS: cot(PI/4) approx 1
  PASS: sec(0) == 1
  PASS: csc(PI/2) approx 1
  PASS: asin(0) == 0
  PASS: acos(1) == 0
  PASS: atan(0) == 0
  PASS: atan2(0, 1) == 0
  PASS: atan2(1, 0) approx PI/2
  PASS: asin(1) approx PI/2
  PASS: acot(1) approx PI/4
  PASS: asec(1) == 0
  PASS: acsc(1) approx PI/2
  PASS: asin domain error
  PASS: acos domain error
  PASS: asec domain error |x| < 1
  PASS: acsc domain error |x| < 1

===== Math Builtins (Hyperbolic) =====
  PASS: sinh(0) == 0
  PASS: cosh(0) == 1
  PASS: tanh(0) == 0
  PASS: sinh(1) approx 1.1752
  PASS: cosh(1) approx 1.5431
  PASS: tanh(1) approx 0.7616
  PASS: coth(1) approx 1.3130
  PASS: sech(0) == 1
  PASS: csch(1) approx 0.8509
  PASS: csch(0) division by zero
  PASS: coth(0) division by zero
  PASS: asinh(0) == 0
  PASS: acosh(1) == 0
  PASS: atanh(0) == 0
  PASS: asinh(1) approx 0.8814
  PASS: acosh(2) approx 1.3170
  PASS: acoth(2) approx 0.5493
  PASS: asech(0.5) approx 1.3170
  PASS: acsch(1) approx 0.8814
  PASS: acosh domain error x < 1
  PASS: atanh domain error x == 1
  PASS: acoth domain error |x| <= 1
  PASS: asech domain error x > 1
  PASS: acsch domain error x == 0

===== Higher-Order Function Builtins =====
  PASS: map with lambda
  PASS: map with named fn
  PASS: filter with lambda
  PASS: filter even numbers
  PASS: reduce sum
  PASS: reduce product
  PASS: any true
  PASS: any false
  PASS: all true
  PASS: all false

===== Contains Polymorphic =====
  PASS: contains in string
  PASS: contains not in string
  PASS: contains in list
  PASS: contains not in list

=======================================
  Results: 139 passed, 0 failed
=======================================
<end of output>
Test time =   0.08 sec
----------------------------------------------------------
Test Passed.
"builtin_test" end time: Mar 02 21:37 +06
"builtin_test" time elapsed: 00:00:00
----------------------------------------------------------

9/16 Testing: forloop_test
9/16 Test: forloop_test
Command: "/home/DATA/CODE/code/Xell/build/forloop_test"
Directory: /home/DATA/CODE/code/Xell/build
"forloop_test" start time: Mar 02 21:37 +06
Output:
----------------------------------------------------------
=======================================
   Xell For-Loop Tests
=======================================

===== Basic For Loop =====
  PASS: for over list
  PASS: for with break
  PASS: for with continue

===== Destructuring For Loop =====
  PASS: for name, age in people list
  PASS: for x, y in coords tuples
  PASS: for a, b, c in 3-element lists

===== Parallel For Loop =====
  PASS: for name, score in names, scores
  PASS: parallel for with unequal lengths (zip semantics)
  PASS: for nums, names in groups, labels

===== Rest Capture For Loop =====
  PASS: for first, ...rest in data
  PASS: for a, b, ...rest in data

===== Map Iteration =====
  PASS: for key, value in map
  PASS: for single var in map gets pair

===== String Iteration =====
  PASS: for char in string

===== Set Iteration =====
  PASS: for elem in set

===== Enumerate =====
  PASS: for i, name in enumerate(names)
  PASS: enumerate with start offset
  PASS: enumerate returns correct structure

===== Range Variants =====
  PASS: range(5) = [0,1,2,3,4]
  PASS: range(2, 5) = [2,3,4]
  PASS: range(5, 2) = [5,4,3] descending
  PASS: range(10, 0) descending
  PASS: range(0, 10, 2) = [0,2,4,6,8]
  PASS: range(10, 0, -2) = [10,8,6,4,2]
  PASS: range(5, 5) = []
  PASS: range(0) = []
  PASS: range with step 0 throws error
  PASS: for i in range(3)
  PASS: for i in range(5, 0)

===== zip_longest =====
  PASS: zip_longest with default none
  PASS: zip_longest with fill value

=======================================
  Results: 31 passed, 0 failed
=======================================
<end of output>
Test time =   0.02 sec
----------------------------------------------------------
Test Passed.
"forloop_test" end time: Mar 02 21:37 +06
"forloop_test" time elapsed: 00:00:00
----------------------------------------------------------

10/16 Testing: datetime_regex_test
10/16 Test: datetime_regex_test
Command: "/home/DATA/CODE/code/Xell/build/datetime_regex_test"
Directory: /home/DATA/CODE/code/Xell/build
"datetime_regex_test" start time: Mar 02 21:37 +06
Output:
----------------------------------------------------------
===== DateTime & Regex Builtin Tests =====

[DateTime — now]
  PASS: now returns map with year
  PASS: now returns map with month
  PASS: now returns map with day
  PASS: now returns map with hour
  PASS: now returns map with minute
  PASS: now returns map with second
  PASS: now returns map with weekday 0-6
  PASS: now returns map with yearday 1-366
  PASS: now arity error

[DateTime — timestamp / timestamp_ms]
  PASS: timestamp returns positive integer
  PASS: timestamp is reasonable (after 2024-01-01)
  PASS: timestamp_ms returns positive integer
  PASS: timestamp_ms >= timestamp * 1000 approx
  PASS: timestamp arity error
  PASS: timestamp_ms arity error

[DateTime — format_date]
  PASS: format_date with %Y-%m-%d
  PASS: format_date with %H:%M:%S
  PASS: format_date full datetime
  PASS: format_date defaults missing fields to zero
  PASS: format_date type error (non-map)
  PASS: format_date arity error

[DateTime — parse_date]
  PASS: parse_date %Y-%m-%d
  PASS: parse_date with time
  PASS: parse_date invalid string throws
  PASS: parse_date type error
  PASS: parse_date arity error

[DateTime — sleep / sleep_sec]
  PASS: sleep(1) completes quickly
  PASS: sleep_sec(0.001) completes quickly
  PASS: sleep(0) is a no-op
  PASS: sleep type error
  PASS: sleep_sec type error

[DateTime — time_since]
  PASS: time_since returns positive value
  PASS: time_since with old timestamp gives large value
  PASS: time_since type error
  PASS: time_since arity error

[Regex — regex_match / regex_match_full]
  PASS: regex_match partial match
  PASS: regex_match no match
  PASS: regex_match with digit pattern
  PASS: regex_match_full exact match
  PASS: regex_match_full partial fails
  PASS: regex_match_full full pattern
  PASS: regex_match type error
  PASS: regex_match_full type error
  PASS: regex_match invalid pattern

[Regex — regex_find / regex_find_all]
  PASS: regex_find first match
  PASS: regex_find no match returns empty
  PASS: regex_find_all all matches
  PASS: regex_find_all no matches returns empty list
  PASS: regex_find_all words
  PASS: regex_find type error
  PASS: regex_find_all arity error

[Regex — regex_replace / regex_replace_all]
  PASS: regex_replace first only
  PASS: regex_replace_all all occurrences
  PASS: regex_replace with pattern
  PASS: regex_replace_all with pattern
  PASS: regex_replace no match returns original
  PASS: regex_replace_all type error
  PASS: regex_replace arity error

[Regex — regex_split]
  PASS: regex_split by whitespace
  PASS: regex_split by comma-space
  PASS: regex_split by digits
  PASS: regex_split no match returns whole string
  PASS: regex_split type error

[Regex — regex_groups]
  PASS: regex_groups date captures
  PASS: regex_groups single group
  PASS: regex_groups no groups returns empty
  PASS: regex_groups no match returns empty
  PASS: regex_groups multiple groups
  PASS: regex_groups type error
  PASS: regex_groups arity error

[Integration — DateTime + Regex]
  PASS: format then parse round-trip
  PASS: regex on formatted date
  PASS: timestamp consistency check

===== Results: 73 passed, 0 failed =====
<end of output>
Test time =   0.05 sec
----------------------------------------------------------
Test Passed.
"datetime_regex_test" end time: Mar 02 21:37 +06
"datetime_regex_test" time elapsed: 00:00:00
----------------------------------------------------------

11/16 Testing: fs_test
11/16 Test: fs_test
Command: "/home/DATA/CODE/code/Xell/build/fs_test"
Directory: /home/DATA/CODE/code/Xell/build
"fs_test" start time: Mar 02 21:37 +06
Output:
----------------------------------------------------------
===== File System Builtin Tests =====

[File Ops — touch, cat, read_lines, write_lines]
  PASS: touch creates file
  PASS: touch existing file no error
  PASS: cat reads file content
  PASS: cat nonexistent throws
  PASS: read_lines reads lines
  PASS: write_lines writes list
  PASS: write_lines + read_lines round-trip

[ls_all, pwd]
  PASS: ls_all lists files
  PASS: pwd returns path

[Symlinks — symlink, hardlink, ln, readlink, is_symlink]
  PASS: symlink creates symlink
  PASS: readlink resolves symlink
  PASS: hardlink creates hard link
  PASS: ln creates soft link by default
  PASS: ln hard link with false
  PASS: is_symlink false for regular file

[stat, modified_time, created_time, chmod]
  PASS: stat returns map with fields
  PASS: stat size is correct
  PASS: stat for directory
  PASS: modified_time returns number
  PASS: created_time returns number
  PASS: chmod sets permissions

[find, find_regex, locate, glob]
  PASS: find *.txt recursively
  PASS: find *.xel recursively
  PASS: find_regex pattern
  PASS: glob in directory
  PASS: locate finds file

[diff, tree]
  PASS: file_diff identical files
  PASS: file_diff different files
  PASS: tree returns string
  PASS: tree contains filenames
  PASS: tree with depth limit

[Path ops — extension, stem, realpath, join_path, normalize, is_absolute, relative_path]
  PASS: extension returns .ext
  PASS: extension no ext returns empty
  PASS: stem returns name without ext
  PASS: stem with dotfiles
  PASS: realpath resolves path
  PASS: join_path joins
  PASS: normalize resolves dots
  PASS: is_absolute true for /path
  PASS: is_absolute false for relative
  PASS: relative_path computes relative
  PASS: basename returns filename
  PASS: dirname returns parent

[home_dir, temp_dir, cwd]
  PASS: home_dir returns non-empty
  PASS: temp_dir returns non-empty
  PASS: cwd matches pwd

[disk_usage, disk_free]
  PASS: disk_usage on file
  PASS: disk_usage on directory
  PASS: disk_free returns positive

[xxd, strings]
  PASS: xxd returns hex dump
  PASS: xxd contains hex values
  PASS: strings extracts printable strings
  PASS: strings with custom min length

[Regression — existing OS builtins]
  PASS: mkdir + exists
  PASS: write + read
  PASS: append adds content
  PASS: is_file true for file
  PASS: is_dir true for directory
  PASS: file_size returns correct size
  PASS: cp copies file
  PASS: mv renames file
  PASS: rm removes file
  PASS: ls lists directory contents
  PASS: abspath returns absolute
  PASS: ext returns extension

[Error handling]
  PASS: touch arity error
  PASS: cat type error
  PASS: read_lines type error
  PASS: write_lines arity error
  PASS: symlink arity error
  PASS: stat nonexistent throws
  PASS: find nonexistent dir throws
  PASS: file_diff missing file throws
  PASS: xxd missing file throws
  PASS: chmod arity error
  PASS: join_path no args throws
  PASS: disk_free nonexistent throws

===== Results: 77 passed, 0 failed =====
<end of output>
Test time =   0.06 sec
----------------------------------------------------------
Test Passed.
"fs_test" end time: Mar 02 21:37 +06
"fs_test" time elapsed: 00:00:00
----------------------------------------------------------

12/16 Testing: textproc_test
12/16 Test: textproc_test
Command: "/home/DATA/CODE/code/Xell/build/textproc_test"
Directory: /home/DATA/CODE/code/Xell/build
"textproc_test" start time: Mar 02 21:37 +06
Output:
----------------------------------------------------------
===== Text Processing Builtin Tests =====

[head]
  PASS: head default 10 lines
  PASS: head 3 lines
  PASS: head more lines than file
  PASS: head nonexistent throws
  PASS: head function style

[tail]
  PASS: tail default 10 lines
  PASS: tail 3 lines
  PASS: tail 1 line
  PASS: tail nonexistent throws

[grep, grep_regex, grep_recursive]
  PASS: grep finds matching lines
  PASS: grep returns correct lines
  PASS: grep no matches returns empty
  PASS: grep function style
  PASS: grep_regex with pattern
  PASS: grep_regex complex pattern
  PASS: grep_recursive finds in subdirs
  PASS: grep_recursive returns file info

[sed]
  PASS: sed replaces pattern
  PASS: sed in-place modifies file
  PASS: sed regex pattern
  PASS: sed nonexistent throws

[awk]
  PASS: awk $1 extracts first field
  PASS: awk $2 extracts second field
  PASS: awk $1 $3 extracts multiple fields
  PASS: awk $0 returns whole line
  PASS: awk $NF returns last field
  PASS: awk with custom delimiter

[cut]
  PASS: cut extracts columns
  PASS: cut multiple columns
  PASS: cut column 2

[sort_file, uniq]
  PASS: sort_file ascending
  PASS: sort_file descending
  PASS: uniq removes consecutive dupes
  PASS: uniq on already unique

[wc]
  PASS: wc returns map with lines/words/bytes
  PASS: wc tee command as statement
  PASS: wc nonexistent throws

[tee]
  PASS: tee writes and returns content
  PASS: tee file has content

[tr]
  PASS: tr basic translate
  PASS: tr range expansion a-z
  PASS: tr partial match
  PASS: tr no match passes through

[patch]
  PASS: patch modifies file from diff
  PASS: patch add line

[less, more]
  PASS: less paginates into pages
  PASS: less first page has 10 lines
  PASS: more works same as less

[Error handling]
  PASS: head arity error
  PASS: tail type error
  PASS: grep arity error
  PASS: sed arity error
  PASS: awk type error
  PASS: cut type error
  PASS: wc type error
  PASS: tee arity error
  PASS: tr arity error
  PASS: sort_file nonexistent
  PASS: uniq nonexistent
  PASS: less nonexistent

===== Results: 60 passed, 0 failed =====
<end of output>
Test time =   0.04 sec
----------------------------------------------------------
Test Passed.
"textproc_test" end time: Mar 02 21:37 +06
"textproc_test" time elapsed: 00:00:00
----------------------------------------------------------

13/16 Testing: process_sysmon_test
13/16 Test: process_sysmon_test
Command: "/home/DATA/CODE/code/Xell/build/process_sysmon_test"
Directory: /home/DATA/CODE/code/Xell/build
"process_sysmon_test" start time: Mar 02 21:37 +06
Output:
----------------------------------------------------------
hello
hello
hi
hi
===== Process & System Monitoring Tests =====

[Process queries]
  PASS: ps returns a list
  PASS: ps returns non-empty list
  PASS: ps entries have pid key
  PASS: ps entries have name key
  PASS: pgrep finds a process
  PASS: pidof returns list

[Identity & system info]
  PASS: whoami returns non-empty
  PASS: whoami function call
  PASS: hostname returns non-empty
  PASS: uname returns map
  PASS: uname has sysname key
  PASS: uname has machine key
  PASS: os_name returns string
  PASS: os_name is linux or windows or macos
  PASS: arch returns non-empty
  PASS: getuid returns int
  PASS: getuid >= 0
  PASS: is_root returns bool
  PASS: id returns map with uid
  PASS: id returns map with user
  PASS: ppid returns int > 0
  PASS: uptime returns positive number
  PASS: sys_info returns map
  PASS: sys_info has os key
  PASS: sys_info has cpu_count key
  PASS: sys_info has hostname key

[spawn, time_cmd, run_timeout]
  PASS: time_cmd measures duration
  PASS: time_cmd exit_code 0 for success
  PASS: run_timeout completes fast command
  PASS: run_timeout returns exit_code
  PASS: spawn returns pid

[System monitoring — memory]
  PASS: free returns map
  PASS: free has total key
  PASS: free has free key
  PASS: free total > 0
  PASS: mem_total > 0
  PASS: mem_free >= 0
  PASS: mem_used > 0
  PASS: mem_total >= mem_used

[System monitoring — CPU]
  PASS: cpu_count > 0
  PASS: cpu_count returns int
  PASS: cpu_usage returns float
  PASS: cpu_usage between 0 and 100

[cal, date_str]
  PASS: cal returns non-empty string
  PASS: cal default contains day numbers
  PASS: cal default contains weekday headers
  PASS: date_str returns non-empty
  PASS: date_str with format
  PASS: date_str default has dashes

[System monitoring — misc]
  PASS: lscpu returns string
  PASS: ulimit_info returns string
  PASS: w_cmd returns string

[Error cases]
  PASS: kill with bad pid returns false
  PASS: kill_name with nonexistent returns nonzero
  PASS: kill arity error
  PASS: fdisk requires string arg

[Command-style invocations]
  PASS: hostname command/function same
  PASS: os_name function call
  PASS: arch function call
  PASS: cal function call
  PASS: date_str function call

===== Results: 61 passed, 0 failed =====
<end of output>
Test time =   0.37 sec
----------------------------------------------------------
Test Passed.
"process_sysmon_test" end time: Mar 02 21:37 +06
"process_sysmon_test" time elapsed: 00:00:00
----------------------------------------------------------

14/16 Testing: network_archive_test
14/16 Test: network_archive_test
Command: "/home/DATA/CODE/code/Xell/build/network_archive_test"
Directory: /home/DATA/CODE/code/Xell/build
"network_archive_test" start time: Mar 02 21:37 +06
Output:
----------------------------------------------------------
  adding: ziptest.txt (stored 0%)
Archive:  /tmp/xell_netarch_test_29689380159275/test.zip
 extracting: /tmp/xell_netarch_test_29689380159275/zip_extract/ziptest.txt  
tar: Removing leading `/' from member names
===== Network & Archive Builtin Tests =====

[DNS]
  PASS: dns_lookup localhost
  PASS: dns_lookup localhost returns IPs
  PASS: dns_lookup localhost contains 127.0.0.1 or ::1
  PASS: dns_lookup invalid throws
  PASS: dns_lookup arity error
  PASS: dns_lookup type error

[local_ip]
  PASS: local_ip returns string
  PASS: local_ip non-empty
  PASS: local_ip contains dots (IPv4)

[nc]
  PASS: nc returns map
  PASS: nc has connected key
  PASS: nc has host key
  PASS: nc has port key
  PASS: nc arity error
  PASS: nc type error

[ping]
  PASS: ping localhost returns string
  PASS: ping localhost returns non-empty
  PASS: ping arity error
  PASS: ping type error

[Network misc]
  PASS: nslookup returns string
  PASS: host_lookup returns string
  PASS: telnet_connect returns bool
  PASS: netstat returns string
  PASS: ss returns string
  PASS: ifconfig returns string
  PASS: ip_cmd addr returns string
  PASS: route returns string

[HTTP]
  PASS: http_get returns map
  PASS: http_get result has status key
  PASS: http_get result has body key
  PASS: http_get arity error
  PASS: http_get type error
  PASS: http_post returns map
  PASS: http_post arity error
  PASS: http_put returns map
  PASS: http_delete returns map

[Network errors]
  PASS: download arity error
  PASS: download type error
  PASS: nslookup type error
  PASS: whois type error
  PASS: traceroute arity error
  PASS: rsync arity error
  PASS: iptables type error
  PASS: ufw type error

[zip/unzip]
  PASS: zip_archive creates archive
  PASS: unzip_archive extracts
  PASS: unzip_archive extracted content matches
  PASS: zip_archive nonexistent throws
  PASS: unzip_archive nonexistent throws
  PASS: zip_archive arity error
  PASS: zip_archive type error

[tar]
  PASS: tar_create .tar.gz
  PASS: tar_extract .tar.gz
  PASS: tar_create nonexistent throws
  PASS: tar_extract nonexistent throws
  PASS: tar_create arity error
  PASS: tar_create type error

[gzip]
  PASS: gzip_compress creates .gz
  PASS: gunzip_decompress restores
  PASS: gunzip_decompress content matches
  PASS: gzip_compress nonexistent throws
  PASS: gzip_compress type error
  PASS: gunzip_decompress nonexistent throws

[bzip2]
  PASS: bzip2_compress creates .bz2
  PASS: bunzip2_decompress restores
  PASS: bunzip2_decompress content matches
  PASS: bzip2_compress nonexistent throws
  PASS: bzip2_compress type error

[xz]
  PASS: xz_compress creates .xz
  PASS: xz_decompress restores
  PASS: xz_decompress content matches
  PASS: xz_compress nonexistent throws
  PASS: xz_compress type error

===== Results: 73 passed, 0 failed =====
<end of output>
Test time =  11.71 sec
----------------------------------------------------------
Test Passed.
"network_archive_test" end time: Mar 02 21:37 +06
"network_archive_test" time elapsed: 00:00:11
----------------------------------------------------------

15/16 Testing: json_shell_test
15/16 Test: json_shell_test
Command: "/home/DATA/CODE/code/Xell/build/json_shell_test"
Directory: /home/DATA/CODE/code/Xell/build
"json_shell_test" start time: Mar 02 21:37 +06
Output:
----------------------------------------------------------
=== JSON Parse Tests ===
  PASS: json_parse: integer
  PASS: json_parse: negative integer
  PASS: json_parse: float
  PASS: json_parse: scientific notation
  PASS: json_parse: string
  PASS: json_parse: true
  PASS: json_parse: false
  PASS: json_parse: null
  PASS: json_parse: empty array
  PASS: json_parse: array of ints
  PASS: json_parse: array values
  PASS: json_parse: empty object
  PASS: json_parse: object with values
  PASS: json_parse: nested object
  PASS: json_parse: array of objects
  PASS: json_parse: string escapes
  PASS: json_parse: invalid JSON throws
  PASS: json_parse: arity error
  PASS: json_parse: type error

=== JSON Stringify Tests ===
  PASS: json_stringify: integer
  PASS: json_stringify: string
  PASS: json_stringify: bool
  PASS: json_stringify: none → null
  PASS: json_stringify: list
  PASS: json_stringify: map
  PASS: json_stringify: arity error
  PASS: json_pretty: produces indented output
  PASS: json_pretty: custom indent
  PASS: json_stringify → json_parse roundtrip

=== JSON File I/O Tests ===
  PASS: json_write + json_read roundtrip
  PASS: json_read: nonexistent file throws
  PASS: json_write: arity error
  PASS: json_read: type error

=== CSV Tests ===
  PASS: csv_parse: basic CSV
  PASS: csv_parse: custom separator
  PASS: csv_parse: empty CSV
  PASS: csv_parse: quoted fields with commas
  PASS: csv_parse: arity error
  PASS: csv_parse: type error
  PASS: csv_write + csv_read roundtrip
  PASS: csv_read: nonexistent file throws
  PASS: csv_write: arity error
  PASS: csv_write: type error on path
  PASS: csv_write: type error on data

=== TOML Tests ===
  PASS: toml_read: basic key-value
  PASS: toml_read: sections
  PASS: toml_read: inline array
  PASS: toml_read: comments ignored
  PASS: toml_read: nonexistent file throws
  PASS: toml_read: arity error
  PASS: toml_read: type error

=== YAML Tests ===
  PASS: yaml_read: basic key-value
  PASS: yaml_read: nested maps
  PASS: yaml_read: list
  PASS: yaml_read: document separator ---
  PASS: yaml_read: booleans
  PASS: yaml_read: null values
  PASS: yaml_read: nonexistent file throws
  PASS: yaml_read: arity error
  PASS: yaml_read: type error

=== Shell Utility Tests ===
test
  PASS: error: returns 0 (success code)
  PASS: alias: define and retrieve
  PASS: unalias: remove alias
  PASS: unalias: nonexistent throws
  PASS: alias: arity error
  PASS: alias: type error name
  PASS: export_env + printenv roundtrip
  PASS: set_env: alias for export_env
  PASS: printenv: nonexistent returns none
  PASS: env_list: returns map
  PASS: env_list: contains PATH
  PASS: printenv: no args returns map
  PASS: export_env: arity error
  PASS: export_env: type error
  PASS: which: finds ls
  PASS: which: nonexistent returns none
  PASS: which: arity error
  PASS: which: type error
  PASS: whereis: returns string
  PASS: type_cmd: returns string
  PASS: type_cmd: arity error
  PASS: man: returns string
  PASS: man: arity error
  PASS: history: initially empty
  PASS: history_add + history: records entries
  PASS: yes_cmd: default
  PASS: yes_cmd: custom text
  PASS: yes_cmd: zero count
  PASS: true_val: returns true
  PASS: false_val: returns false
  PASS: true_val: arity error
  PASS: false_val: arity error
  PASS: source_file: reads file content
  PASS: source_file: nonexistent throws
  PASS: source_file: arity error
  PASS: source_file: type error
[2J[H  PASS: clear: no error on call
c  PASS: reset: no error on call
  PASS: clear: arity error
  PASS: reset: arity error

=== Integration Tests ===
  PASS: json_parse → csv_write → csv_read roundtrip
  PASS: json_parse: complex nested structure
  PASS: json_stringify: nested map+list

============================================
  Total: 103  Passed: 103  Failed: 0
============================================
<end of output>
Test time =   0.09 sec
----------------------------------------------------------
Test Passed.
"json_shell_test" end time: Mar 02 21:37 +06
"json_shell_test" time elapsed: 00:00:00
----------------------------------------------------------

16/16 Testing: module_test
16/16 Test: module_test
Command: "/home/DATA/CODE/code/Xell/build/module_test"
Directory: /home/DATA/CODE/code/Xell/build
"module_test" start time: Mar 02 21:37 +06
Output:
----------------------------------------------------------
═══════════════════════════════════════════
  Xell Module System Tests
═══════════════════════════════════════════

── Module Registry Metadata ──
  ✓ registry knows all 9 Tier 2 modules
  ✓ registry knows all Tier 1 modules
  ✓ registry has correct module function counts
  ✓ findModuleForFunction works
  ✓ moduleHasFunction works
  ✓ unknown module returns empty

── Tier 1: Always Available ──
  ✓ print is available without bring
  ✓ math functions available without bring
  ✓ string functions available without bring
  ✓ list functions available without bring
  ✓ collection functions available without bring
  ✓ type functions available without bring
  ✓ os functions available without bring
  ✓ map/filter/reduce available without bring
  ✓ shell functions available without bring
  ✓ hash functions available without bring
  ✓ math constants available without bring

── Tier 2: Require Bring ──
  ✓ json_parse without bring gives helpful error
  ✓ regex_match without bring gives helpful error
  ✓ http_get without bring gives helpful error
  ✓ now() without bring gives helpful error
  ✓ ps() without bring gives helpful error

── bring * from module ──
  ✓ bring * from json makes json_parse available
  ✓ bring * from regex makes regex_match available
  ✓ bring * from datetime makes now available
  ✓ bring * from archive makes zip_archive available
  ✓ bring * from process makes whoami available

── Selective bring ──
  ✓ bring specific function from json
  ✓ selectively brought function works, others don't
  ✓ bring multiple specific functions
  ✓ bring nonexistent function from module errors

── bring with alias ──
  ✓ bring function with alias
  ✓ original name not available after aliased bring

── File-based bring (3rd party .xel) ──
  ✓ bring * from .xel file still works
  ✓ bring specific name from .xel file
  ✓ bring from nonexistent file errors

── Error handling ──
  ✓ bring from nonexistent module/file errors

── Multiple module imports ──
  ✓ bring from multiple modules in sequence
  ✓ bring selective from multiple modules

── loadModule() C++ API ──
  ✓ loadModule makes Tier 2 functions available
  ✓ loadModule for unknown module throws
  ✓ hasActiveBuiltin / hasAnyBuiltin

── Module functions work correctly after bring ──
  ✓ json_parse + json_stringify roundtrip
  ✓ regex operations after bring
  ✓ datetime after bring
  ✓ Tier 1 still works alongside Tier 2
  ✓ user function can shadow brought module function

── bring Tier 1 module (no-op but valid) ──
  ✓ bring * from Tier 1 module is valid
  ✓ bring specific from Tier 1 module works

═══════════════════════════════════════════
  Results: 49/49 passed
═══════════════════════════════════════════
<end of output>
Test time =   0.03 sec
----------------------------------------------------------
Test Passed.
"module_test" end time: Mar 02 21:37 +06
"module_test" time elapsed: 00:00:00
----------------------------------------------------------

End testing: Mar 02 21:37 +06
